<?xml version="1.0" encoding="UTF-8"?>
<!-- Generated by org.testng.reporters.JUnitXMLReporter -->
<testsuite hostname="Shri-PC" ignored="0" name="Default test" tests="14" failures="0" timestamp="2021-09-15T13:07:00 IST" time="6.648" errors="0">
  <testcase name="chekingSr" time="0.373" classname="practiceTestCase.TestCaseNew"/>
  <testcase name="CheckTestClick" time="0.041" classname="practiceTestCase.TestCaseNew"/>
  <testcase name="CheckTextSchedule" time="0.042" classname="practiceTestCase.TestCaseNew"/>
  <testcase name="CheckTextVideoLacturesAllTopics" time="0.04" classname="practiceTestCase.TestCaseNew"/>
  <testcase name="CheckTextSeleniumInterviewQuestions" time="0.044" classname="practiceTestCase.TestCaseNew"/>
  <testcase name="CheckTextJavaInterviewQuestions" time="0.042" classname="practiceTestCase.TestCaseNew"/>
  <testcase name="CheckTextCourses" time="0.049" classname="practiceTestCase.TestCaseNew"/>
  <testcase name="CheckTextPlacement" time="0.044" classname="practiceTestCase.TestCaseNew"/>
  <testcase name="CheckTextInternetRequired" time="0.037" classname="practiceTestCase.TestCaseNew"/>
  <testcase name="usefullinktable" time="0.601" classname="practiceTestCase.TestCaseNew"/>
  <testcase name="operatorlinktable" time="1.782" classname="practiceTestCase.TestCaseNew"/>
  <testcase name="operatorlinktable1" time="1.431" classname="practiceTestCase.TestCaseNew"/>
  <testcase name="downloadtable" time="0.249" classname="practiceTestCase.TestCaseNew"/>
  <testcase name="downloadtable1" time="0.059" classname="practiceTestCase.TestCaseNew"/>
</testsuite> <!-- Default test -->
